updating: .styleci.yml (deflated 39%)
updating: database/ (stored 0%)
updating: database/migrations/ (stored 0%)
updating: database/migrations/2014_10_12_100000_create_password_resets_table.php (deflated 56%)
updating: database/migrations/2019_12_14_000001_create_personal_access_tokens_table.php (deflated 60%)
updating: database/migrations/2014_10_12_000000_create_users_table.php (deflated 60%)
updating: database/migrations/2019_08_19_000000_create_failed_jobs_table.php (deflated 60%)
updating: database/.DS_Store (deflated 95%)
updating: database/.gitignore (stored 0%)
updating: database/seeders/ (stored 0%)
updating: database/seeders/DatabaseSeeder.php (deflated 34%)
updating: database/factories/ (stored 0%)
updating: database/factories/UserFactory.php (deflated 54%)
updating: composer.lock (deflated 89%)
updating: server.php (deflated 30%)
updating: .DS_Store (deflated 93%)
updating: phpunit.xml (deflated 61%)
updating: bootstrap/ (stored 0%)
updating: bootstrap/app.php (deflated 65%)
updating: bootstrap/cache/ (stored 0%)
updating: bootstrap/cache/.gitignore (stored 0%)
updating: bootstrap/cache/packages.php (deflated 77%)
updating: bootstrap/cache/services.php (deflated 90%)
updating: app/ (stored 0%)
updating: app/.DS_Store (deflated 94%)
updating: app/Providers/ (stored 0%)
updating: app/Providers/AppServiceProvider.php (deflated 55%)
updating: app/Providers/AuthServiceProvider.php (deflated 49%)
updating: app/Providers/RouteServiceProvider.php (deflated 62%)
updating: app/Providers/BroadcastServiceProvider.php (deflated 41%)
updating: app/Providers/EventServiceProvider.php (deflated 55%)
updating: app/Models/ (stored 0%)
updating: app/Models/User.php (deflated 58%)
updating: app/Exceptions/ (stored 0%)
updating: app/Exceptions/Handler.php (deflated 55%)
updating: app/Http/ (stored 0%)
updating: app/Http/Middleware/ (stored 0%)
updating: app/Http/Middleware/VerifyCsrfToken.php (deflated 35%)
updating: app/Http/Middleware/RedirectIfAuthenticated.php (deflated 57%)
updating: app/Http/Middleware/TrimStrings.php (deflated 41%)
updating: app/Http/Middleware/Authenticate.php (deflated 45%)
updating: app/Http/Middleware/TrustProxies.php (deflated 57%)
updating: app/Http/Middleware/PreventRequestsDuringMaintenance.php (deflated 40%)
updating: app/Http/Middleware/EncryptCookies.php (deflated 37%)
updating: app/Http/Middleware/TrustHosts.php (deflated 38%)
updating: app/Http/Controllers/ (stored 0%)
updating: app/Http/Controllers/Controller.php (deflated 54%)
updating: app/Http/Kernel.php (deflated 70%)
updating: app/Console/ (stored 0%)
updating: app/Console/Kernel.php (deflated 54%)
updating: config/ (stored 0%)
updating: config/sanctum.php (deflated 65%)
updating: config/hashing.php (deflated 71%)
updating: config/auth.php (deflated 72%)
updating: config/app.php (deflated 78%)
updating: config/mail.php (deflated 70%)
updating: config/services.php (deflated 58%)
updating: config/database.php (deflated 74%)
updating: config/cache.php (deflated 68%)
updating: config/session.php (deflated 75%)
updating: config/seo.php (deflated 27%)
updating: config/queue.php (deflated 69%)
updating: config/broadcasting.php (deflated 68%)
updating: config/view.php (deflated 60%)
updating: config/cors.php (deflated 55%)
updating: config/logging.php (deflated 74%)
updating: config/filesystems.php (deflated 67%)
updating: resources/ (stored 0%)
updating: resources/.DS_Store (deflated 94%)
updating: resources/css/ (stored 0%)
updating: resources/css/app.css (deflated 39%)
updating: resources/js/ (stored 0%)
updating: resources/js/.DS_Store (deflated 96%)
updating: resources/js/bootstrap.js (deflated 43%)
updating: resources/js/Components/ (stored 0%)
updating: resources/js/Components/CourseCard.vue (deflated 48%)
updating: resources/js/dark-mode.js (deflated 41%)
updating: resources/js/app.js (deflated 28%)
updating: resources/lang/ (stored 0%)
updating: resources/lang/.DS_Store (deflated 96%)
updating: resources/lang/en/ (stored 0%)
updating: resources/lang/en/passwords.php (deflated 57%)
updating: resources/lang/en/auth.php (deflated 55%)
updating: resources/lang/en/pagination.php (deflated 55%)
updating: resources/lang/en/validation.php (deflated 81%)
updating: resources/views/ (stored 0%)
updating: resources/views/welcome.blade.php (deflated 45%)
updating: tests/ (stored 0%)
updating: tests/Unit/ (stored 0%)
updating: tests/Unit/ExampleTest.php (deflated 31%)
updating: tests/.DS_Store (deflated 96%)
updating: tests/CreatesApplication.php (deflated 41%)
updating: tests/Feature/ (stored 0%)
updating: tests/Feature/ExampleTest.php (deflated 35%)
updating: tests/TestCase.php (deflated 28%)
updating: webpack.mix.js (deflated 52%)
updating: .editorconfig (deflated 41%)
updating: storage/ (stored 0%)
updating: storage/.DS_Store (deflated 95%)
updating: storage/app/ (stored 0%)
updating: storage/app/public/ (stored 0%)
updating: storage/app/public/.gitignore (stored 0%)
updating: storage/app/.gitignore (stored 0%)
updating: storage/framework/ (stored 0%)
updating: storage/framework/.DS_Store (deflated 94%)
updating: storage/framework/cache/ (stored 0%)
updating: storage/framework/cache/.gitignore (stored 0%)
updating: storage/framework/cache/data/ (stored 0%)
updating: storage/framework/cache/data/.gitignore (stored 0%)
updating: storage/framework/testing/ (stored 0%)
updating: storage/framework/testing/.gitignore (stored 0%)
updating: storage/framework/sessions/ (stored 0%)
updating: storage/framework/sessions/7RUhO5vHOieAsDfN90NZJvKgSlB7mUv5F97Ap15l (deflated 16%)
updating: storage/framework/sessions/.gitignore (stored 0%)
updating: storage/framework/sessions/9jDpht49BiF6bJTnYQGWbIQndULu48O0UwDMlITr (deflated 19%)
updating: storage/framework/.gitignore (deflated 34%)
updating: storage/framework/views/ (stored 0%)
updating: storage/framework/views/9d44fc425599d1f48193c2231f3d9eecce22fe1e.php (deflated 70%)
updating: storage/framework/views/.gitignore (stored 0%)
updating: storage/framework/views/c888a7c3c82b88027d8ef5fe8594a2642031ff74.php (deflated 67%)
updating: storage/framework/views/db759ceef733830362a42ac1261a5aa387936a49.php (deflated 38%)
updating: storage/framework/views/b63121cedfd947c9132686267be254af3c25b84c.php (deflated 70%)
updating: storage/logs/ (stored 0%)
updating: storage/logs/laravel.log (deflated 97%)
updating: storage/logs/.gitignore (stored 0%)
updating: README.md (deflated 59%)
updating: artisan (deflated 58%)
updating: public/ (stored 0%)
updating: public/favicon.ico (stored 0%)
updating: public/.DS_Store (deflated 95%)
updating: public/index.php (deflated 59%)
updating: public/css/ (stored 0%)
updating: public/css/app.css (deflated 39%)
updating: public/js/ (stored 0%)
updating: public/js/app.js (deflated 79%)
updating: public/robots.txt (stored 0%)
updating: public/mix-manifest.json (deflated 49%)
updating: public/.htaccess (deflated 51%)
updating: .gitignore (deflated 32%)
updating: package-lock.json (deflated 79%)
updating: package.json (deflated 60%)
updating: .env (deflated 47%)
updating: .gitattributes (deflated 31%)
updating: .env.example (deflated 49%)
updating: routes/ (stored 0%)
updating: routes/channels.php (deflated 51%)
updating: routes/console.php (deflated 50%)
updating: routes/web.php (deflated 49%)
updating: routes/api.php (deflated 50%)
updating: composer.json (deflated 62%)
  adding: nohup.out (deflated 79%)
